<?xml version="1.0" encoding="UTF-8"?>
<!-- Generated by org.testng.reporters.JUnitReportReporter -->
<testsuite hostname="WIN-400BTSQ16LK" name="TestScripts.Test02" tests="2" failures="0" timestamp="12 Apr 2015 22:10:49 GMT" time="47.183" errors="0">
  <testcase name="testcase02" time="16.374" classname="TestScripts.Test02"/>
  <testcase name="testcase02" time="30.809" classname="TestScripts.Test02"/>
</testsuite> <!-- TestScripts.Test02 -->
