<?xml version="1.0" encoding="UTF-8"?>
<!-- Generated by org.testng.reporters.JUnitReportReporter -->
<testsuite hostname="WIN-400BTSQ16LK" name="TestScripts.Test01" tests="2" failures="0" timestamp="12 Apr 2015 22:10:49 GMT" time="45.409" errors="0">
  <testcase name="testcase01" time="30.941" classname="TestScripts.Test01"/>
  <testcase name="testcase01" time="14.468" classname="TestScripts.Test01"/>
</testsuite> <!-- TestScripts.Test01 -->
